# JRE version: OpenJDK Runtime Environment (8.0_141-b15) (build 1.8.0_141-8u141-b15-1~deb9u1-b15)
# Java VM: OpenJDK 64-Bit Server VM (25.141-b15 mixed mode linux-amd64 compressed oops)
Heap:
 PSYoungGen      total 225280K, used 9182K [0x00000000d6c00000, 0x00000000e5900000, 0x0000000100000000)
  eden space 214528K, 0% used [0x00000000d6c00000,0x00000000d6c00000,0x00000000e3d80000)
  from space 10752K, 85% used [0x00000000e4400000,0x00000000e4cf7920,0x00000000e4e80000)
  to   space 9216K, 0% used [0x00000000e5000000,0x00000000e5000000,0x00000000e5900000)
 ParOldGen       total 60416K, used 22696K [0x0000000084400000, 0x0000000087f00000, 0x00000000d6c00000)
  object space 60416K, 37% used [0x0000000084400000,0x0000000085a2a040,0x0000000087f00000)
 Metaspace       used 47273K, capacity 47788K, committed 48128K, reserved 1091584K
  class space    used 6150K, capacity 6320K, committed 6400K, reserved 1048576K
GC Heap History (10 events):
Event: 13.468 GC heap after
Heap after GC invocations=12 (full 1):
 PSYoungGen      total 100864K, used 3166K [0x00000000d6c00000, 0x00000000e0900000, 0x0000000100000000)
  eden space 93696K, 0% used [0x00000000d6c00000,0x00000000d6c00000,0x00000000dc780000)
  from space 7168K, 44% used [0x00000000dc780000,0x00000000dca97958,0x00000000dce80000)
  to   space 7168K, 0% used [0x00000000e0200000,0x00000000e0200000,0x00000000e0900000)
 ParOldGen       total 40960K, used 7244K [0x0000000084400000, 0x0000000086c00000, 0x00000000d6c00000)
  object space 40960K, 17% used [0x0000000084400000,0x0000000084b133a0,0x0000000086c00000)
 Metaspace       used 25210K, capacity 25494K, committed 25600K, reserved 1071104K
  class space    used 3179K, capacity 3277K, committed 3328K, reserved 1048576K
}
Event: 15.588 GC heap before
{Heap before GC invocations=13 (full 1):
 PSYoungGen      total 100864K, used 96862K [0x00000000d6c00000, 0x00000000e0900000, 0x0000000100000000)
  eden space 93696K, 100% used [0x00000000d6c00000,0x00000000dc780000,0x00000000dc780000)
  from space 7168K, 44% used [0x00000000dc780000,0x00000000dca97958,0x00000000dce80000)
  to   space 7168K, 0% used [0x00000000e0200000,0x00000000e0200000,0x00000000e0900000)
 ParOldGen       total 40960K, used 7244K [0x0000000084400000, 0x0000000086c00000, 0x00000000d6c00000)
  object space 40960K, 17% used [0x0000000084400000,0x0000000084b133a0,0x0000000086c00000)
 Metaspace       used 28604K, capacity 28886K, committed 29056K, reserved 1075200K
  class space    used 3633K, capacity 3709K, committed 3712K, reserved 1048576K
Event: 15.595 GC heap after
Heap after GC invocations=13 (full 1):
 PSYoungGen      total 151552K, used 5345K [0x00000000d6c00000, 0x00000000e0800000, 0x0000000100000000)
  eden space 145408K, 0% used [0x00000000d6c00000,0x00000000d6c00000,0x00000000dfa00000)
  from space 6144K, 86% used [0x00000000e0200000,0x00000000e0738430,0x00000000e0800000)
  to   space 7168K, 0% used [0x00000000dfa00000,0x00000000dfa00000,0x00000000e0100000)
 ParOldGen       total 40960K, used 8268K [0x0000000084400000, 0x0000000086c00000, 0x00000000d6c00000)
  object space 40960K, 20% used [0x0000000084400000,0x0000000084c133a0,0x0000000086c00000)
 Metaspace       used 28604K, capacity 28886K, committed 29056K, reserved 1075200K
  class space    used 3633K, capacity 3709K, committed 3712K, reserved 1048576K
}
Event: 17.871 GC heap before
{Heap before GC invocations=14 (full 1):
 PSYoungGen      total 151552K, used 140199K [0x00000000d6c00000, 0x00000000e0800000, 0x0000000100000000)
  eden space 145408K, 92% used [0x00000000d6c00000,0x00000000defb1af0,0x00000000dfa00000)
  from space 6144K, 86% used [0x00000000e0200000,0x00000000e0738430,0x00000000e0800000)
  to   space 7168K, 0% used [0x00000000dfa00000,0x00000000dfa00000,0x00000000e0100000)
 ParOldGen       total 40960K, used 8268K [0x0000000084400000, 0x0000000086c00000, 0x00000000d6c00000)
  object space 40960K, 20% used [0x0000000084400000,0x0000000084c133a0,0x0000000086c00000)
 Metaspace       used 34890K, capacity 35246K, committed 35416K, reserved 1081344K
  class space    used 4431K, capacity 4529K, committed 4608K, reserved 1048576K
Event: 17.892 GC heap after
Heap after GC invocations=14 (full 1):
 PSYoungGen      total 152576K, used 7152K [0x00000000d6c00000, 0x00000000e5900000, 0x0000000100000000)
  eden space 145408K, 0% used [0x00000000d6c00000,0x00000000d6c00000,0x00000000dfa00000)
  from space 7168K, 99% used [0x00000000dfa00000,0x00000000e00fc308,0x00000000e0100000)
  to   space 9216K, 0% used [0x00000000e5000000,0x00000000e5000000,0x00000000e5900000)
 ParOldGen       total 40960K, used 11539K [0x0000000084400000, 0x0000000086c00000, 0x00000000d6c00000)
  object space 40960K, 28% used [0x0000000084400000,0x0000000084f44c08,0x0000000086c00000)
 Metaspace       used 34890K, capacity 35246K, committed 35416K, reserved 1081344K
  class space    used 4431K, capacity 4529K, committed 4608K, reserved 1048576K
}
Event: 17.892 GC heap before
{Heap before GC invocations=15 (full 2):
 PSYoungGen      total 152576K, used 7152K [0x00000000d6c00000, 0x00000000e5900000, 0x0000000100000000)
  eden space 145408K, 0% used [0x00000000d6c00000,0x00000000d6c00000,0x00000000dfa00000)
  from space 7168K, 99% used [0x00000000dfa00000,0x00000000e00fc308,0x00000000e0100000)
  to   space 9216K, 0% used [0x00000000e5000000,0x00000000e5000000,0x00000000e5900000)
 ParOldGen       total 40960K, used 11539K [0x0000000084400000, 0x0000000086c00000, 0x00000000d6c00000)
  object space 40960K, 28% used [0x0000000084400000,0x0000000084f44c08,0x0000000086c00000)
 Metaspace       used 34890K, capacity 35246K, committed 35416K, reserved 1081344K
  class space    used 4431K, capacity 4529K, committed 4608K, reserved 1048576K
Event: 18.007 GC heap after
Heap after GC invocations=15 (full 2):
 PSYoungGen      total 152576K, used 0K [0x00000000d6c00000, 0x00000000e5900000, 0x0000000100000000)
  eden space 145408K, 0% used [0x00000000d6c00000,0x00000000d6c00000,0x00000000dfa00000)
  from space 7168K, 0% used [0x00000000dfa00000,0x00000000dfa00000,0x00000000e0100000)
  to   space 9216K, 0% used [0x00000000e5000000,0x00000000e5000000,0x00000000e5900000)
 ParOldGen       total 60416K, used 18015K [0x0000000084400000, 0x0000000087f00000, 0x00000000d6c00000)
  object space 60416K, 29% used [0x0000000084400000,0x0000000085597f58,0x0000000087f00000)
 Metaspace       used 34890K, capacity 35246K, committed 35416K, reserved 1081344K
  class space    used 4431K, capacity 4529K, committed 4608K, reserved 1048576K
}
Event: 21.525 GC heap before
{Heap before GC invocations=16 (full 2):
 PSYoungGen      total 152576K, used 145408K [0x00000000d6c00000, 0x00000000e5900000, 0x0000000100000000)
  eden space 145408K, 100% used [0x00000000d6c00000,0x00000000dfa00000,0x00000000dfa00000)
  from space 7168K, 0% used [0x00000000dfa00000,0x00000000dfa00000,0x00000000e0100000)
  to   space 9216K, 0% used [0x00000000e5000000,0x00000000e5000000,0x00000000e5900000)
 ParOldGen       total 60416K, used 18015K [0x0000000084400000, 0x0000000087f00000, 0x00000000d6c00000)
  object space 60416K, 29% used [0x0000000084400000,0x0000000085597f58,0x0000000087f00000)
 Metaspace       used 43637K, capacity 44100K, committed 44288K, reserved 1087488K
  class space    used 5670K, capacity 5828K, committed 5888K, reserved 1048576K
Event: 21.542 GC heap after
Heap after GC invocations=16 (full 2):
 PSYoungGen      total 223744K, used 9203K [0x00000000d6c00000, 0x00000000e5900000, 0x0000000100000000)
  eden space 214528K, 0% used [0x00000000d6c00000,0x00000000d6c00000,0x00000000e3d80000)
  from space 9216K, 99% used [0x00000000e5000000,0x00000000e58fcd48,0x00000000e5900000)
  to   space 10752K, 0% used [0x00000000e4400000,0x00000000e4400000,0x00000000e4e80000)
 ParOldGen       total 60416K, used 18936K [0x0000000084400000, 0x0000000087f00000, 0x00000000d6c00000)
  object space 60416K, 31% used [0x0000000084400000,0x000000008567e278,0x0000000087f00000)
 Metaspace       used 43637K, capacity 44100K, committed 44288K, reserved 1087488K
  class space    used 5670K, capacity 5828K, committed 5888K, reserved 1048576K
}
Event: 33.370 GC heap before
{Heap before GC invocations=17 (full 2):
 PSYoungGen      total 223744K, used 223731K [0x00000000d6c00000, 0x00000000e5900000, 0x0000000100000000)
  eden space 214528K, 100% used [0x00000000d6c00000,0x00000000e3d80000,0x00000000e3d80000)
  from space 9216K, 99% used [0x00000000e5000000,0x00000000e58fcd48,0x00000000e5900000)
  to   space 10752K, 0% used [0x00000000e4400000,0x00000000e4400000,0x00000000e4e80000)
 ParOldGen       total 60416K, used 18936K [0x0000000084400000, 0x0000000087f00000, 0x00000000d6c00000)
  object space 60416K, 31% used [0x0000000084400000,0x000000008567e278,0x0000000087f00000)
 Metaspace       used 47273K, capacity 47788K, committed 48128K, reserved 1091584K
  class space    used 6150K, capacity 6320K, committed 6400K, reserved 1048576K

