# JRE version: OpenJDK Runtime Environment (8.0_141-b15) (build 1.8.0_141-8u141-b15-1~deb9u1-b15)
# Java VM: OpenJDK 64-Bit Server VM (25.141-b15 mixed mode linux-amd64 compressed oops)
Heap:
 PSYoungGen      total 672768K, used 0K [0x00000000d6c00000, 0x0000000100000000, 0x0000000100000000)
  eden space 669696K, 0% used [0x00000000d6c00000,0x00000000d6c00000,0x00000000ffa00000)
  from space 3072K, 0% used [0x00000000ffd00000,0x00000000ffd00000,0x0000000100000000)
  to   space 3072K, 0% used [0x00000000ffa00000,0x00000000ffa00000,0x00000000ffd00000)
 ParOldGen       total 53248K, used 48482K [0x0000000084400000, 0x0000000087800000, 0x00000000d6c00000)
  object space 53248K, 91% used [0x0000000084400000,0x00000000873588d8,0x0000000087800000)
 Metaspace       used 30196K, capacity 30518K, committed 30720K, reserved 1077248K
  class space    used 3711K, capacity 3817K, committed 3840K, reserved 1048576K
GC Heap History (10 events):
Event: 14.661 GC heap after
Heap after GC invocations=43 (full 1):
 PSYoungGen      total 672256K, used 1409K [0x00000000d6c00000, 0x0000000100000000, 0x0000000100000000)
  eden space 668672K, 0% used [0x00000000d6c00000,0x00000000d6c00000,0x00000000ff900000)
  from space 3584K, 39% used [0x00000000ffc80000,0x00000000ffde05d8,0x0000000100000000)
  to   space 3584K, 0% used [0x00000000ff900000,0x00000000ff900000,0x00000000ffc80000)
 ParOldGen       total 53248K, used 47490K [0x0000000084400000, 0x0000000087800000, 0x00000000d6c00000)
  object space 53248K, 89% used [0x0000000084400000,0x0000000087260b08,0x0000000087800000)
 Metaspace       used 30196K, capacity 30518K, committed 30720K, reserved 1077248K
  class space    used 3711K, capacity 3817K, committed 3840K, reserved 1048576K
}
Event: 14.787 GC heap before
{Heap before GC invocations=44 (full 1):
 PSYoungGen      total 672256K, used 670081K [0x00000000d6c00000, 0x0000000100000000, 0x0000000100000000)
  eden space 668672K, 100% used [0x00000000d6c00000,0x00000000ff900000,0x00000000ff900000)
  from space 3584K, 39% used [0x00000000ffc80000,0x00000000ffde05d8,0x0000000100000000)
  to   space 3584K, 0% used [0x00000000ff900000,0x00000000ff900000,0x00000000ffc80000)
 ParOldGen       total 53248K, used 47490K [0x0000000084400000, 0x0000000087800000, 0x00000000d6c00000)
  object space 53248K, 89% used [0x0000000084400000,0x0000000087260b08,0x0000000087800000)
 Metaspace       used 30196K, capacity 30518K, committed 30720K, reserved 1077248K
  class space    used 3711K, capacity 3817K, committed 3840K, reserved 1048576K
Event: 14.791 GC heap after
Heap after GC invocations=44 (full 1):
 PSYoungGen      total 670208K, used 1395K [0x00000000d6c00000, 0x00000000fff00000, 0x0000000100000000)
  eden space 668672K, 0% used [0x00000000d6c00000,0x00000000d6c00000,0x00000000ff900000)
  from space 1536K, 90% used [0x00000000ff900000,0x00000000ffa5ce70,0x00000000ffa80000)
  to   space 3072K, 0% used [0x00000000ffc00000,0x00000000ffc00000,0x00000000fff00000)
 ParOldGen       total 53248K, used 48677K [0x0000000084400000, 0x0000000087800000, 0x00000000d6c00000)
  object space 53248K, 91% used [0x0000000084400000,0x00000000873895b8,0x0000000087800000)
 Metaspace       used 30196K, capacity 30518K, committed 30720K, reserved 1077248K
  class space    used 3711K, capacity 3817K, committed 3840K, reserved 1048576K
}
Event: 14.919 GC heap before
{Heap before GC invocations=45 (full 1):
 PSYoungGen      total 670208K, used 670067K [0x00000000d6c00000, 0x00000000fff00000, 0x0000000100000000)
  eden space 668672K, 100% used [0x00000000d6c00000,0x00000000ff900000,0x00000000ff900000)
  from space 1536K, 90% used [0x00000000ff900000,0x00000000ffa5ce70,0x00000000ffa80000)
  to   space 3072K, 0% used [0x00000000ffc00000,0x00000000ffc00000,0x00000000fff00000)
 ParOldGen       total 53248K, used 48677K [0x0000000084400000, 0x0000000087800000, 0x00000000d6c00000)
  object space 53248K, 91% used [0x0000000084400000,0x00000000873895b8,0x0000000087800000)
 Metaspace       used 30196K, capacity 30518K, committed 30720K, reserved 1077248K
  class space    used 3711K, capacity 3817K, committed 3840K, reserved 1048576K
Event: 14.923 GC heap after
Heap after GC invocations=45 (full 1):
 PSYoungGen      total 671744K, used 1406K [0x00000000d6c00000, 0x0000000100000000, 0x0000000100000000)
  eden space 668672K, 0% used [0x00000000d6c00000,0x00000000d6c00000,0x00000000ff900000)
  from space 3072K, 45% used [0x00000000ffc00000,0x00000000ffd5f800,0x00000000fff00000)
  to   space 3072K, 0% used [0x00000000ff900000,0x00000000ff900000,0x00000000ffc00000)
 ParOldGen       total 53248K, used 49853K [0x0000000084400000, 0x0000000087800000, 0x00000000d6c00000)
  object space 53248K, 93% used [0x0000000084400000,0x00000000874af520,0x0000000087800000)
 Metaspace       used 30196K, capacity 30518K, committed 30720K, reserved 1077248K
  class space    used 3711K, capacity 3817K, committed 3840K, reserved 1048576K
}
Event: 15.053 GC heap before
{Heap before GC invocations=46 (full 1):
 PSYoungGen      total 671744K, used 670078K [0x00000000d6c00000, 0x0000000100000000, 0x0000000100000000)
  eden space 668672K, 100% used [0x00000000d6c00000,0x00000000ff900000,0x00000000ff900000)
  from space 3072K, 45% used [0x00000000ffc00000,0x00000000ffd5f800,0x00000000fff00000)
  to   space 3072K, 0% used [0x00000000ff900000,0x00000000ff900000,0x00000000ffc00000)
 ParOldGen       total 53248K, used 49853K [0x0000000084400000, 0x0000000087800000, 0x00000000d6c00000)
  object space 53248K, 93% used [0x0000000084400000,0x00000000874af520,0x0000000087800000)
 Metaspace       used 30196K, capacity 30518K, committed 30720K, reserved 1077248K
  class space    used 3711K, capacity 3817K, committed 3840K, reserved 1048576K
Event: 15.057 GC heap after
Heap after GC invocations=46 (full 1):
 PSYoungGen      total 671744K, used 1364K [0x00000000d6c00000, 0x0000000100000000, 0x0000000100000000)
  eden space 668672K, 0% used [0x00000000d6c00000,0x00000000d6c00000,0x00000000ff900000)
  from space 3072K, 44% used [0x00000000ff900000,0x00000000ffa550b0,0x00000000ffc00000)
  to   space 3072K, 0% used [0x00000000ffd00000,0x00000000ffd00000,0x0000000100000000)
 ParOldGen       total 53248K, used 51014K [0x0000000084400000, 0x0000000087800000, 0x00000000d6c00000)
  object space 53248K, 95% used [0x0000000084400000,0x00000000875d1940,0x0000000087800000)
 Metaspace       used 30196K, capacity 30518K, committed 30720K, reserved 1077248K
  class space    used 3711K, capacity 3817K, committed 3840K, reserved 1048576K
}
Event: 15.179 GC heap before
{Heap before GC invocations=47 (full 1):
 PSYoungGen      total 671744K, used 670036K [0x00000000d6c00000, 0x0000000100000000, 0x0000000100000000)
  eden space 668672K, 100% used [0x00000000d6c00000,0x00000000ff900000,0x00000000ff900000)
  from space 3072K, 44% used [0x00000000ff900000,0x00000000ffa550b0,0x00000000ffc00000)
  to   space 3072K, 0% used [0x00000000ffd00000,0x00000000ffd00000,0x0000000100000000)
 ParOldGen       total 53248K, used 51014K [0x0000000084400000, 0x0000000087800000, 0x00000000d6c00000)
  object space 53248K, 95% used [0x0000000084400000,0x00000000875d1940,0x0000000087800000)
 Metaspace       used 30196K, capacity 30518K, committed 30720K, reserved 1077248K
  class space    used 3711K, capacity 3817K, committed 3840K, reserved 1048576K
Event: 15.183 GC heap after
Heap after GC invocations=47 (full 1):
 PSYoungGen      total 672768K, used 1326K [0x00000000d6c00000, 0x0000000100000000, 0x0000000100000000)
  eden space 669696K, 0% used [0x00000000d6c00000,0x00000000d6c00000,0x00000000ffa00000)
  from space 3072K, 43% used [0x00000000ffd00000,0x00000000ffe4ba58,0x0000000100000000)
  to   space 3072K, 0% used [0x00000000ffa00000,0x00000000ffa00000,0x00000000ffd00000)
 ParOldGen       total 53248K, used 52168K [0x0000000084400000, 0x0000000087800000, 0x00000000d6c00000)
  object space 53248K, 97% used [0x0000000084400000,0x00000000876f2228,0x0000000087800000)
 Metaspace       used 30196K, capacity 30518K, committed 30720K, reserved 1077248K
  class space    used 3711K, capacity 3817K, committed 3840K, reserved 1048576K
}
Event: 15.863 GC heap before
{Heap before GC invocations=48 (full 2):
 PSYoungGen      total 672768K, used 1326K [0x00000000d6c00000, 0x0000000100000000, 0x0000000100000000)
  eden space 669696K, 0% used [0x00000000d6c00000,0x00000000d6c00000,0x00000000ffa00000)
  from space 3072K, 43% used [0x00000000ffd00000,0x00000000ffe4ba58,0x0000000100000000)
  to   space 3072K, 0% used [0x00000000ffa00000,0x00000000ffa00000,0x00000000ffd00000)
 ParOldGen       total 53248K, used 52168K [0x0000000084400000, 0x0000000087800000, 0x00000000d6c00000)
  object space 53248K, 97% used [0x0000000084400000,0x00000000876f2228,0x0000000087800000)
 Metaspace       used 30196K, capacity 30518K, committed 30720K, reserved 1077248K
  class space    used 3711K, capacity 3817K, committed 3840K, reserved 1048576K

